2023-10-26 20:39:50.192 [info] Log level: Info
2023-10-26 20:39:50.193 [info] Validating found git in: "git"
2023-10-26 20:39:50.193 [info] Using git "2.34.1" from "git"
2023-10-26 20:39:50.193 [info] > git rev-parse --show-toplevel [13ms]
2023-10-26 20:39:50.193 [info] > git rev-parse --git-dir --git-common-dir [39ms]
2023-10-26 20:39:50.193 [info] Open repository: /home/devbenitez/sitio_web_3/kodemia-github-30js
2023-10-26 20:39:50.196 [info] > git config --get commit.template [21ms]
2023-10-26 20:39:50.214 [info] > git for-each-ref --format=%(refname)%00%(upstream:short)%00%(objectname)%00%(upstream:track)%00%(upstream:remotename)%00%(upstream:remoteref) refs/heads/main refs/remotes/main [6ms]
2023-10-26 20:39:50.268 [info] > git status -z -uall [44ms]
2023-10-26 20:39:50.311 [info] > git config --get commit.template [21ms]
2023-10-26 20:39:50.330 [info] > git for-each-ref --format=%(refname)%00%(upstream:short)%00%(objectname)%00%(upstream:track)%00%(upstream:remotename)%00%(upstream:remoteref) refs/heads/main refs/remotes/main [4ms]
2023-10-26 20:39:50.342 [info] > git status -z -uall [2ms]
2023-10-26 20:39:50.783 [info] > git check-ignore -v -z --stdin [3ms]
2023-10-26 20:44:50.052 [info] > git show --textconv :README.md [45ms]
2023-10-26 20:44:50.083 [info] > git ls-files --stage -- /home/devbenitez/sitio_web_3/kodemia-github-30js/README.md [61ms]
2023-10-26 20:44:50.100 [info] > git cat-file -s 0948f9fdbca412a946f0625b50d64ff57f86c213 [3ms]
2023-10-26 22:32:14.302 [info] > git ls-files --stage -- /home/devbenitez/sitio_web_3/kodemia-github-30js/README.md [6ms]
2023-10-26 22:32:14.320 [info] > git config --get commit.template [43ms]
2023-10-26 22:32:14.355 [info] > git cat-file -s 0948f9fdbca412a946f0625b50d64ff57f86c213 [38ms]
2023-10-26 22:32:14.358 [info] > git for-each-ref --format=%(refname)%00%(upstream:short)%00%(objectname)%00%(upstream:track)%00%(upstream:remotename)%00%(upstream:remoteref) refs/heads/main refs/remotes/main [5ms]
2023-10-26 22:32:14.407 [info] > git status -z -uall [18ms]
2023-10-26 22:32:14.424 [info] > git show --textconv :README.md [20ms]
