2023-11-05 20:50:16.572 [info] Log level: Info
2023-11-05 20:50:16.572 [info] Validating found git in: "git"
2023-11-05 20:50:16.572 [info] Using git "2.34.1" from "git"
2023-11-05 20:50:16.572 [info] > git rev-parse --show-toplevel [7ms]
2023-11-05 20:50:16.572 [info] > git rev-parse --git-dir --git-common-dir [6ms]
2023-11-05 20:50:16.572 [info] Open repository: /home/devbenitez
2023-11-05 20:50:16.751 [info] > git rev-parse --show-toplevel [161ms]
2023-11-05 20:50:16.754 [info] > git config --get commit.template [173ms]
2023-11-05 20:50:16.793 [info] No remotes found in the git config file.
2023-11-05 20:50:16.811 [info] > git rev-parse --show-toplevel [45ms]
2023-11-05 20:50:16.828 [info] > git for-each-ref --format=%(refname)%00%(upstream:short)%00%(objectname)%00%(upstream:track)%00%(upstream:remotename)%00%(upstream:remoteref) refs/heads/master refs/remotes/master [37ms]
2023-11-05 20:50:16.872 [info] > git rev-parse --show-toplevel [50ms]
2023-11-05 20:50:16.887 [info] > git rev-parse --show-toplevel [5ms]
2023-11-05 20:50:16.897 [info] > git rev-parse --show-toplevel [2ms]
2023-11-05 20:50:17.104 [info] > git check-ignore -v -z --stdin [2ms]
2023-11-05 20:50:17.284 [info] > git status -z -uall [442ms]
2023-11-05 20:50:18.083 [info] > git config --get commit.template [680ms]
2023-11-05 20:50:18.124 [info] No remotes found in the git config file.
2023-11-05 20:50:18.127 [info] > git for-each-ref --format=%(refname)%00%(upstream:short)%00%(objectname)%00%(upstream:track)%00%(upstream:remotename)%00%(upstream:remoteref) refs/heads/master refs/remotes/master [4ms]
2023-11-05 20:50:18.184 [info] > git status -z -uall [43ms]
2023-11-05 20:50:21.267 [info] > git config --get commit.template [4ms]
2023-11-05 20:50:21.278 [info] No remotes found in the git config file.
2023-11-05 20:50:21.280 [info] > git for-each-ref --format=%(refname)%00%(upstream:short)%00%(objectname)%00%(upstream:track)%00%(upstream:remotename)%00%(upstream:remoteref) refs/heads/master refs/remotes/master [3ms]
2023-11-05 20:50:21.351 [info] > git status -z -uall [61ms]
2023-11-05 20:50:25.228 [info] > git check-ignore -v -z --stdin [2ms]
2023-11-05 20:50:26.524 [info] > git config --get commit.template [3ms]
2023-11-05 20:50:26.537 [info] No remotes found in the git config file.
2023-11-05 20:50:26.574 [info] > git for-each-ref --format=%(refname)%00%(upstream:short)%00%(objectname)%00%(upstream:track)%00%(upstream:remotename)%00%(upstream:remoteref) refs/heads/master refs/remotes/master [38ms]
2023-11-05 20:50:26.638 [info] > git status -z -uall [52ms]
2023-11-05 20:50:32.648 [info] > git config --get commit.template [15ms]
2023-11-05 20:50:32.649 [info] No remotes found in the git config file.
2023-11-05 20:50:32.650 [info] > git for-each-ref --format=%(refname)%00%(upstream:short)%00%(objectname)%00%(upstream:track)%00%(upstream:remotename)%00%(upstream:remoteref) refs/heads/master refs/remotes/master [3ms]
2023-11-05 20:50:32.704 [info] > git status -z -uall [41ms]
2023-11-05 20:50:37.820 [info] > git config --get commit.template [1ms]
2023-11-05 20:50:37.832 [info] No remotes found in the git config file.
2023-11-05 20:50:37.834 [info] > git for-each-ref --format=%(refname)%00%(upstream:short)%00%(objectname)%00%(upstream:track)%00%(upstream:remotename)%00%(upstream:remoteref) refs/heads/master refs/remotes/master [2ms]
2023-11-05 20:50:37.881 [info] > git status -z -uall [37ms]
