2023-11-11 14:18:32.301 [info] Extension host with pid 510 started
2023-11-11 14:18:32.332 [info] Lock '/home/devbenitez/.vscode-server/data/User/workspaceStorage/0cae4a80ad20aa09f496f84fc37f2d6c/vscode.lock': Lock acquired.
2023-11-11 14:18:32.433 [info] ExtensionService#_doActivateExtension vscode.emmet, startup: false, activationEvent: 'onLanguage'
2023-11-11 14:18:32.434 [info] ExtensionService#_doActivateExtension vscode.css-language-features, startup: false, activationEvent: 'onLanguage:css'
2023-11-11 14:18:32.946 [info] ExtensionService#_doActivateExtension vscode.git-base, startup: true, activationEvent: '*', root cause: vscode.git
2023-11-11 14:18:32.947 [info] ExtensionService#_doActivateExtension mhutchie.git-graph, startup: true, activationEvent: '*'
2023-11-11 14:18:33.090 [info] ExtensionService#_doActivateExtension vscode.git, startup: true, activationEvent: '*'
2023-11-11 14:18:33.091 [info] ExtensionService#_doActivateExtension vscode.github, startup: true, activationEvent: '*'
2023-11-11 14:18:33.439 [info] Eager extensions activated
2023-11-11 14:18:33.441 [info] ExtensionService#_doActivateExtension vscode.debug-auto-launch, startup: false, activationEvent: 'onStartupFinished'
2023-11-11 14:18:33.442 [info] ExtensionService#_doActivateExtension vscode.merge-conflict, startup: false, activationEvent: 'onStartupFinished'
2023-11-11 14:18:33.445 [info] ExtensionService#_doActivateExtension eamodio.gitlens, startup: false, activationEvent: 'onStartupFinished'
2023-11-11 14:18:33.446 [info] ExtensionService#_doActivateExtension esbenp.prettier-vscode, startup: false, activationEvent: 'onStartupFinished'
2023-11-11 14:18:33.447 [info] ExtensionService#_doActivateExtension ritwickdey.LiveServer, startup: false, activationEvent: 'onStartupFinished'
2023-11-12 15:32:07.523 [info] ExtensionService#_doActivateExtension vscode.html-language-features, startup: false, activationEvent: 'onLanguage:html'
2023-11-12 16:03:40.565 [error] [vscode.emmet] provider FAILED
2023-11-12 16:03:40.621 [error] Error: Unable to find matching pair for < at char 254
	at r.error (/home/devbenitez/.vscode-server/bin/2b35e1e6d88f1ce073683991d1eff5284a32690f/extensions/emmet/dist/node/emmetNodeMain.js:1:22191)
	at f (/home/devbenitez/.vscode-server/bin/2b35e1e6d88f1ce073683991d1eff5284a32690f/extensions/emmet/dist/node/emmetNodeMain.js:1:21421)
	at u (/home/devbenitez/.vscode-server/bin/2b35e1e6d88f1ce073683991d1eff5284a32690f/extensions/emmet/dist/node/emmetNodeMain.js:1:14436)
	at l (/home/devbenitez/.vscode-server/bin/2b35e1e6d88f1ce073683991d1eff5284a32690f/extensions/emmet/dist/node/emmetNodeMain.js:1:14549)
	at /home/devbenitez/.vscode-server/bin/2b35e1e6d88f1ce073683991d1eff5284a32690f/extensions/emmet/dist/node/emmetNodeMain.js:1:15164
	at m (/home/devbenitez/.vscode-server/bin/2b35e1e6d88f1ce073683991d1eff5284a32690f/extensions/emmet/dist/node/emmetNodeMain.js:1:15271)
	at A (/home/devbenitez/.vscode-server/bin/2b35e1e6d88f1ce073683991d1eff5284a32690f/extensions/emmet/dist/node/emmetNodeMain.js:1:16189)
	at S (/home/devbenitez/.vscode-server/bin/2b35e1e6d88f1ce073683991d1eff5284a32690f/extensions/emmet/dist/node/emmetNodeMain.js:1:16599)
	at t.$b (/home/devbenitez/.vscode-server/bin/2b35e1e6d88f1ce073683991d1eff5284a32690f/extensions/emmet/dist/node/emmetNodeMain.js:1:143130)
	at t.$S.b (/home/devbenitez/.vscode-server/bin/2b35e1e6d88f1ce073683991d1eff5284a32690f/extensions/emmet/dist/node/emmetNodeMain.js:1:129467)
	at t.$S.provideCompletionItems (/home/devbenitez/.vscode-server/bin/2b35e1e6d88f1ce073683991d1eff5284a32690f/extensions/emmet/dist/node/emmetNodeMain.js:1:128478)
	at ie.provideCompletionItems (/home/devbenitez/.vscode-server/bin/2b35e1e6d88f1ce073683991d1eff5284a32690f/out/vs/workbench/api/node/extensionHostProcess.js:127:52294)
	at /home/devbenitez/.vscode-server/bin/2b35e1e6d88f1ce073683991d1eff5284a32690f/out/vs/workbench/api/node/extensionHostProcess.js:127:73581
	at be.s (/home/devbenitez/.vscode-server/bin/2b35e1e6d88f1ce073683991d1eff5284a32690f/out/vs/workbench/api/node/extensionHostProcess.js:127:65353)
	at be.$provideCompletionItems (/home/devbenitez/.vscode-server/bin/2b35e1e6d88f1ce073683991d1eff5284a32690f/out/vs/workbench/api/node/extensionHostProcess.js:127:73567)
	at n.S (/home/devbenitez/.vscode-server/bin/2b35e1e6d88f1ce073683991d1eff5284a32690f/out/vs/workbench/api/node/extensionHostProcess.js:134:10836)
	at n.Q (/home/devbenitez/.vscode-server/bin/2b35e1e6d88f1ce073683991d1eff5284a32690f/out/vs/workbench/api/node/extensionHostProcess.js:134:10602)
	at n.M (/home/devbenitez/.vscode-server/bin/2b35e1e6d88f1ce073683991d1eff5284a32690f/out/vs/workbench/api/node/extensionHostProcess.js:134:9647)
	at n.L (/home/devbenitez/.vscode-server/bin/2b35e1e6d88f1ce073683991d1eff5284a32690f/out/vs/workbench/api/node/extensionHostProcess.js:134:8762)
	at h.value (/home/devbenitez/.vscode-server/bin/2b35e1e6d88f1ce073683991d1eff5284a32690f/out/vs/workbench/api/node/extensionHostProcess.js:134:7565)
	at c.y (/home/devbenitez/.vscode-server/bin/2b35e1e6d88f1ce073683991d1eff5284a32690f/out/vs/workbench/api/node/extensionHostProcess.js:80:1902)
	at c.fire (/home/devbenitez/.vscode-server/bin/2b35e1e6d88f1ce073683991d1eff5284a32690f/out/vs/workbench/api/node/extensionHostProcess.js:80:2119)
	at d.fire (/home/devbenitez/.vscode-server/bin/2b35e1e6d88f1ce073683991d1eff5284a32690f/out/vs/workbench/api/node/extensionHostProcess.js:96:14047)
	at h.value (/home/devbenitez/.vscode-server/bin/2b35e1e6d88f1ce073683991d1eff5284a32690f/out/vs/workbench/api/node/extensionHostProcess.js:153:7918)
	at c.y (/home/devbenitez/.vscode-server/bin/2b35e1e6d88f1ce073683991d1eff5284a32690f/out/vs/workbench/api/node/extensionHostProcess.js:80:1902)
	at c.fire (/home/devbenitez/.vscode-server/bin/2b35e1e6d88f1ce073683991d1eff5284a32690f/out/vs/workbench/api/node/extensionHostProcess.js:80:2119)
	at d.fire (/home/devbenitez/.vscode-server/bin/2b35e1e6d88f1ce073683991d1eff5284a32690f/out/vs/workbench/api/node/extensionHostProcess.js:96:14047)
	at s.z (/home/devbenitez/.vscode-server/bin/2b35e1e6d88f1ce073683991d1eff5284a32690f/out/vs/workbench/api/node/extensionHostProcess.js:96:17112)
	at h.value (/home/devbenitez/.vscode-server/bin/2b35e1e6d88f1ce073683991d1eff5284a32690f/out/vs/workbench/api/node/extensionHostProcess.js:96:16517)
	at c.y (/home/devbenitez/.vscode-server/bin/2b35e1e6d88f1ce073683991d1eff5284a32690f/out/vs/workbench/api/node/extensionHostProcess.js:80:1902)
	at c.fire (/home/devbenitez/.vscode-server/bin/2b35e1e6d88f1ce073683991d1eff5284a32690f/out/vs/workbench/api/node/extensionHostProcess.js:80:2119)
	at h.acceptChunk (/home/devbenitez/.vscode-server/bin/2b35e1e6d88f1ce073683991d1eff5284a32690f/out/vs/workbench/api/node/extensionHostProcess.js:96:11821)
	at h.value (/home/devbenitez/.vscode-server/bin/2b35e1e6d88f1ce073683991d1eff5284a32690f/out/vs/workbench/api/node/extensionHostProcess.js:96:11108)
	at c.y (/home/devbenitez/.vscode-server/bin/2b35e1e6d88f1ce073683991d1eff5284a32690f/out/vs/workbench/api/node/extensionHostProcess.js:80:1902)
	at c.fire (/home/devbenitez/.vscode-server/bin/2b35e1e6d88f1ce073683991d1eff5284a32690f/out/vs/workbench/api/node/extensionHostProcess.js:80:2119)
	at c.z (/home/devbenitez/.vscode-server/bin/2b35e1e6d88f1ce073683991d1eff5284a32690f/out/vs/workbench/api/node/extensionHostProcess.js:150:19408)
	at c.acceptFrame (/home/devbenitez/.vscode-server/bin/2b35e1e6d88f1ce073683991d1eff5284a32690f/out/vs/workbench/api/node/extensionHostProcess.js:150:19214)
	at l.n (/home/devbenitez/.vscode-server/bin/2b35e1e6d88f1ce073683991d1eff5284a32690f/out/vs/workbench/api/node/extensionHostProcess.js:150:17713)
	at /home/devbenitez/.vscode-server/bin/2b35e1e6d88f1ce073683991d1eff5284a32690f/out/vs/workbench/api/node/extensionHostProcess.js:150:14933
	at Socket.p (/home/devbenitez/.vscode-server/bin/2b35e1e6d88f1ce073683991d1eff5284a32690f/out/vs/workbench/api/node/extensionHostProcess.js:150:12838)
	at Socket.emit (node:events:513:28)
	at addChunk (node:internal/streams/readable:324:12)
	at readableAddChunk (node:internal/streams/readable:297:9)
	at Readable.push (node:internal/streams/readable:234:10)
	at TCP.onStreamRead (node:internal/stream_base_commons:190:23)
2023-11-12 16:19:54.024 [info] ExtensionService#_doActivateExtension vscode.tunnel-forwarding, startup: false, activationEvent: 'onTunnel'
2023-11-12 16:36:52.175 [info] ExtensionService#_doActivateExtension vscode.npm, startup: false, activationEvent: 'onTerminalQuickFixRequest:ms-vscode.npm-command'
